Arguments: 
  D:\Program Files\Other\node.exe D:\Program Files\Other\bin\yarn.js add axios redux redux-logger reduz-thunk

PATH: 
  C:\Users\Chris\bin;C:\Program Files\Git\mingw64\bin;C:\Program Files\Git\usr\local\bin;C:\Program Files\Git\usr\bin;C:\Program Files\Git\usr\bin;C:\Program Files\Git\mingw64\bin;C:\Program Files\Git\usr\bin;C:\Users\Chris\bin;C:\WINDOWS\system32;C:\WINDOWS;C:\WINDOWS\System32\Wbem;C:\WINDOWS\System32\WindowsPowerShell\v1.0;C:\Program Files (x86)\NVIDIA Corporation\PhysX\Common;C:\WINDOWS\system32;C:\WINDOWS;C:\WINDOWS\System32\Wbem;C:\WINDOWS\System32\WindowsPowerShell\v1.0;C:\WINDOWS\System32\OpenSSH;D:\Program Files\Other\Microsoft VS Code\bin;C:\Program Files\Git\cmd;D:\Program Files\Other;D:\Program Files\Other\bin;C:\Program Files\NVIDIA Corporation\NVIDIA NvDLISR;C:\Users\Chris\AppData\Local\Microsoft\WindowsApps;C:\Users\Chris\AppData\Roaming\npm;C:\Users\Chris\AppData\Local\Yarn\bin;C:\Program Files\Git\usr\bin\vendor_perl;C:\Program Files\Git\usr\bin\core_perl

Yarn version: 
  1.12.3

Node version: 
  10.8.0

Platform: 
  win32 x64

Trace: 
  Error: https://registry.yarnpkg.com/reduz-thunk: Not found
      at Request.params.callback [as _callback] (D:\Program Files\Other\lib\cli.js:65003:18)
      at Request.self.callback (D:\Program Files\Other\lib\cli.js:129018:22)
      at Request.emit (events.js:182:13)
      at Request.<anonymous> (D:\Program Files\Other\lib\cli.js:129990:10)
      at Request.emit (events.js:182:13)
      at IncomingMessage.<anonymous> (D:\Program Files\Other\lib\cli.js:129912:12)
      at Object.onceWrapper (events.js:273:13)
      at IncomingMessage.emit (events.js:187:15)
      at endReadableNT (_stream_readable.js:1081:12)
      at process._tickCallback (internal/process/next_tick.js:63:19)

npm manifest: 
  {
    "name": "HouseCup",
    "version": "1.0.0",
    "main": "index.js",
    "license": "MIT"
  }

yarn manifest: 
  No manifest

Lockfile: 
  No lockfile
